{"level":30,"time":1656611055139,"pid":165,"hostname":"f37c2945bd03","status":"Running","kind":"SignIn"}
{"level":30,"time":1656611055206,"pid":165,"hostname":"f37c2945bd03","status":"Done","kind":"SignIn","elapsed":66.18584199994802,"payload":{"id":"test","password":"test"}}
{"level":30,"time":1656611216607,"pid":294,"hostname":"f37c2945bd03","status":"Running","kind":"SignIn"}
{"level":30,"time":1656611216676,"pid":294,"hostname":"f37c2945bd03","status":"Done","kind":"SignIn","elapsed":64.48599500022829,"payload":{"id":"test","password":"test"}}
{"level":30,"time":1656611272390,"pid":389,"hostname":"f37c2945bd03","status":"Running","kind":"SignIn"}
{"level":30,"time":1656611272457,"pid":389,"hostname":"f37c2945bd03","status":"Done","kind":"SignIn","elapsed":65.53104799985886,"payload":{"id":"test"}}
{"level":30,"time":1656611370723,"pid":534,"hostname":"f37c2945bd03","status":"Running","kind":"SignIn"}
{"level":30,"time":1656611370795,"pid":534,"hostname":"f37c2945bd03","status":"Done","kind":"SignIn","elapsed":70.99373999983072,"payload":{"id":"test"}}
{"level":30,"time":1656611464645,"pid":641,"hostname":"f37c2945bd03","status":"Running","kind":"SignIn"}
{"level":30,"time":1656611464713,"pid":641,"hostname":"f37c2945bd03","kind":"SignIn","user":{"id":"AAA111633","name":"higuchi fumito","groupId":"1490","post":"1490","admin":true}}
{"level":30,"time":1656611464713,"pid":641,"hostname":"f37c2945bd03","status":"Done","kind":"SignIn","elapsed":66.51383099891245,"payload":{"id":"test"}}
{"level":30,"time":"2022-06-30T17:53:24.991Z","pid":714,"hostname":"f37c2945bd03","status":"Running","kind":"SignIn"}
{"level":30,"time":"2022-06-30T17:53:25.066Z","pid":714,"hostname":"f37c2945bd03","kind":"SignIn","user":{"id":"AAA111633","name":"higuchi fumito","groupId":"1490","post":"1490","admin":true}}
{"level":30,"time":"2022-06-30T17:53:25.066Z","pid":714,"hostname":"f37c2945bd03","status":"Done","kind":"SignIn","elapsed":73.39706599898636,"payload":{"id":"test"}}
{"level":30,"time":"2022-06-30T20:29:07.021Z","pid":112,"hostname":"925ebd06a5af","status":"Running","kind":"SignIn"}
{"level":30,"time":"2022-06-30T20:29:07.095Z","pid":112,"hostname":"925ebd06a5af","kind":"SignIn","user":{"id":"AAA111633","name":"higuchi fumito","groupId":"1490","post":"1490","admin":true}}
{"level":30,"time":"2022-06-30T20:29:07.096Z","pid":112,"hostname":"925ebd06a5af","status":"Done","kind":"SignIn","elapsed":73.74550000019372,"payload":{"id":"test"}}
{"level":30,"time":"2022-06-30T20:38:12.749Z","pid":115,"hostname":"e60850ec289d","status":"Running","kind":"SignIn"}
{"level":30,"time":"2022-06-30T20:38:12.803Z","pid":115,"hostname":"e60850ec289d","kind":"SignIn","user":{"id":"AAA111633","name":"higuchi fumito","groupId":"1490","post":"1490","admin":true}}
{"level":30,"time":"2022-06-30T20:38:12.803Z","pid":115,"hostname":"e60850ec289d","status":"Done","kind":"SignIn","elapsed":53.32541699986905,"payload":{"id":"test"}}
{"level":30,"time":"2022-06-30T20:43:02.095Z","pid":60,"hostname":"e60850ec289d","status":"Running","kind":"SignIn"}
{"level":30,"time":"2022-06-30T20:43:02.158Z","pid":60,"hostname":"e60850ec289d","kind":"SignIn","user":{"id":"AAA110800","name":"yao","groupId":"1490","post":"1490","admin":false}}
{"level":30,"time":"2022-06-30T20:43:02.158Z","pid":60,"hostname":"e60850ec289d","status":"Done","kind":"SignIn","elapsed":62.23495800001547,"payload":{"id":"test"}}
{"level":30,"time":"2022-06-30T20:43:10.971Z","pid":60,"hostname":"e60850ec289d","status":"Running","kind":"SignIn"}
{"level":30,"time":"2022-06-30T20:43:11.010Z","pid":60,"hostname":"e60850ec289d","kind":"SignIn","user":{"id":"AAA111633","name":"higuchi","groupId":"1490","post":"1490","admin":true}}
{"level":30,"time":"2022-06-30T20:43:11.010Z","pid":60,"hostname":"e60850ec289d","status":"Done","kind":"SignIn","elapsed":37.568166999612004,"payload":{"id":"admin"}}
{"level":30,"time":"2022-06-30T20:57:09.078Z","pid":1016,"hostname":"e60850ec289d","status":"Running","kind":"SignIn"}
{"level":30,"time":"2022-06-30T20:57:09.189Z","pid":1016,"hostname":"e60850ec289d","kind":"SignIn","user":{"id":"AAA111633","name":"higuchi","groupId":"1490","post":"1490","admin":true}}
{"level":30,"time":"2022-06-30T20:57:09.189Z","pid":1016,"hostname":"e60850ec289d","status":"Done","kind":"SignIn","elapsed":109.42024999996647,"payload":{"id":"admin"}}
{"level":30,"time":"2022-06-30T20:57:37.918Z","pid":1016,"hostname":"e60850ec289d","status":"Running","kind":"SignIn"}
{"level":30,"time":"2022-06-30T20:57:37.932Z","pid":1016,"hostname":"e60850ec289d","kind":"SignIn","user":{"id":"AAA110800","name":"yao","groupId":"1490","post":"1490","admin":false}}
{"level":30,"time":"2022-06-30T20:57:37.932Z","pid":1016,"hostname":"e60850ec289d","status":"Done","kind":"SignIn","elapsed":13.493249999824911,"payload":{"id":"test"}}
{"level":30,"time":"2022-06-30T20:58:06.059Z","pid":60,"hostname":"e60850ec289d","status":"Running","kind":"SignIn"}
{"level":30,"time":"2022-06-30T20:58:06.174Z","pid":60,"hostname":"e60850ec289d","kind":"SignIn","user":{"id":"AAA110800","name":"yao","groupId":"1490","post":"1490","admin":false}}
{"level":30,"time":"2022-06-30T20:58:06.174Z","pid":60,"hostname":"e60850ec289d","status":"Done","kind":"SignIn","elapsed":114.00100000016391,"payload":{"id":"test"}}
{"level":30,"time":"2022-06-30T20:59:43.779Z","pid":173,"hostname":"e60850ec289d","status":"Running","kind":"SignIn"}
{"level":30,"time":"2022-06-30T20:59:43.857Z","pid":173,"hostname":"e60850ec289d","kind":"SignIn","user":{"id":"AAA110800","name":"yao","groupId":"1490","post":"1490","admin":false}}
{"level":30,"time":"2022-06-30T20:59:43.857Z","pid":173,"hostname":"e60850ec289d","status":"Done","kind":"SignIn","elapsed":77.29870800022036,"payload":{"id":"test"}}
{"level":30,"time":"2022-06-30T21:00:57.914Z","pid":233,"hostname":"e60850ec289d","status":"Running","kind":"SignIn"}
{"level":30,"time":"2022-06-30T21:00:57.996Z","pid":233,"hostname":"e60850ec289d","kind":"SignIn","user":{"id":"AAA110800","name":"yao","groupId":"1490","post":"1490","admin":false}}
{"level":30,"time":"2022-06-30T21:00:57.996Z","pid":233,"hostname":"e60850ec289d","status":"Done","kind":"SignIn","elapsed":81.16379099991173,"payload":{"id":"test"}}
{"level":30,"time":"2022-06-30T21:01:58.636Z","pid":317,"hostname":"e60850ec289d","status":"Running","kind":"SignIn"}
{"level":30,"time":"2022-06-30T21:01:58.711Z","pid":317,"hostname":"e60850ec289d","kind":"SignIn","user":{"id":"AAA110800","name":"yao","groupId":"1490","post":"1490","admin":false}}
{"level":30,"time":"2022-06-30T21:01:58.711Z","pid":317,"hostname":"e60850ec289d","status":"Done","kind":"SignIn","elapsed":73.87991700042039,"payload":{"id":"test"}}
{"level":30,"time":"2022-06-30T21:05:29.486Z","pid":459,"hostname":"e60850ec289d","status":"Running","kind":"SignIn"}
{"level":30,"time":"2022-06-30T21:05:29.538Z","pid":459,"hostname":"e60850ec289d","kind":"SignIn","user":{"id":"AAA110800","name":"yao","groupId":"1490","post":"1490","admin":false}}
{"level":30,"time":"2022-06-30T21:05:29.538Z","pid":459,"hostname":"e60850ec289d","status":"Done","kind":"SignIn","elapsed":51.99695899989456,"payload":{"id":"test"}}
{"level":30,"time":"2022-06-30T21:07:11.630Z","pid":703,"hostname":"e60850ec289d","status":"Running","kind":"SignIn"}
{"level":30,"time":"2022-06-30T21:07:11.711Z","pid":703,"hostname":"e60850ec289d","kind":"SignIn","user":{"id":"AAA110800","name":"yao","groupId":"1490","post":"1490","admin":false}}
{"level":30,"time":"2022-06-30T21:07:11.711Z","pid":703,"hostname":"e60850ec289d","status":"Done","kind":"SignIn","elapsed":79.61875000037253,"payload":{"id":"test"}}
{"level":30,"time":"2022-06-30T21:09:07.308Z","pid":885,"hostname":"e60850ec289d","status":"Running","kind":"SignIn"}
{"level":30,"time":"2022-06-30T21:09:07.386Z","pid":885,"hostname":"e60850ec289d","kind":"SignIn","user":{"id":"AAA110800","name":"yao","groupId":"1490","post":"1490","admin":false}}
{"level":30,"time":"2022-06-30T21:09:07.386Z","pid":885,"hostname":"e60850ec289d","status":"Done","kind":"SignIn","elapsed":76.51391700003296,"payload":{"id":"test"}}
{"level":30,"time":"2022-06-30T21:12:39.265Z","pid":1083,"hostname":"e60850ec289d","status":"Running","kind":"SignIn"}
{"level":30,"time":"2022-06-30T21:12:39.347Z","pid":1083,"hostname":"e60850ec289d","kind":"SignIn","user":{"id":"AAA110800","name":"yao","groupId":"1490","post":"1490","admin":false}}
{"level":30,"time":"2022-06-30T21:12:39.347Z","pid":1083,"hostname":"e60850ec289d","status":"Done","kind":"SignIn","elapsed":81.0095830000937,"payload":{"id":"test"}}
{"level":30,"time":"2022-06-30T21:17:27.473Z","pid":1896,"hostname":"e60850ec289d","status":"Running","kind":"SignIn"}
{"level":30,"time":"2022-06-30T21:17:27.544Z","pid":1896,"hostname":"e60850ec289d","kind":"SignIn","user":{"id":"AAA110800","name":"yao","groupId":"1490","post":"1490","admin":false}}
{"level":30,"time":"2022-06-30T21:17:27.544Z","pid":1896,"hostname":"e60850ec289d","status":"Done","kind":"SignIn","elapsed":70.02704199962318,"payload":{"id":"test"}}
{"level":30,"time":"2022-06-30T21:19:13.769Z","pid":1896,"hostname":"e60850ec289d","status":"Running","kind":"SignIn"}
{"level":30,"time":"2022-06-30T21:19:13.777Z","pid":1896,"hostname":"e60850ec289d","kind":"SignIn","user":{"id":"AAA110800","name":"yao","groupId":"1490","post":"1490","admin":false}}
{"level":30,"time":"2022-06-30T21:19:13.777Z","pid":1896,"hostname":"e60850ec289d","status":"Done","kind":"SignIn","elapsed":8.234375,"payload":{"id":"test"}}
{"level":30,"time":"2022-06-30T21:20:18.322Z","pid":2029,"hostname":"e60850ec289d","status":"Running","kind":"SignIn"}
{"level":30,"time":"2022-06-30T21:20:18.437Z","pid":2029,"hostname":"e60850ec289d","kind":"SignIn","user":{"id":"AAA110800","name":"yao","groupId":"1490","post":"1490","admin":false}}
{"level":30,"time":"2022-06-30T21:20:18.437Z","pid":2029,"hostname":"e60850ec289d","status":"Done","kind":"SignIn","elapsed":113.89474999997765,"payload":{"id":"test"}}
{"level":30,"time":"2022-06-30T21:22:51.844Z","pid":2600,"hostname":"e60850ec289d","status":"Running","kind":"SignIn"}
{"level":30,"time":"2022-06-30T21:22:51.919Z","pid":2600,"hostname":"e60850ec289d","kind":"SignIn","user":{"id":"AAA110800","name":"yao","groupId":"1490","post":"1490","admin":false}}
{"level":30,"time":"2022-06-30T21:22:51.919Z","pid":2600,"hostname":"e60850ec289d","status":"Done","kind":"SignIn","elapsed":73.72154199983925,"payload":{"id":"test"}}
{"level":30,"time":"2022-06-30T21:25:32.280Z","pid":2910,"hostname":"e60850ec289d","status":"Running","kind":"SignIn"}
{"level":30,"time":"2022-06-30T21:25:32.357Z","pid":2910,"hostname":"e60850ec289d","kind":"SignIn","user":{"id":"AAA110800","name":"yao","groupId":"1490","post":"1490","admin":false}}
{"level":30,"time":"2022-06-30T21:25:32.357Z","pid":2910,"hostname":"e60850ec289d","status":"Done","kind":"SignIn","elapsed":76.94095800071955,"payload":{"id":"test"}}
{"level":30,"time":"2022-06-30T21:28:47.821Z","pid":3071,"hostname":"e60850ec289d","status":"Running","kind":"SignIn"}
{"level":30,"time":"2022-06-30T21:28:47.886Z","pid":3071,"hostname":"e60850ec289d","kind":"SignIn","user":{"id":"AAA110800","name":"yao","groupId":"1490","post":"1490","admin":false}}
{"level":30,"time":"2022-06-30T21:28:47.886Z","pid":3071,"hostname":"e60850ec289d","status":"Done","kind":"SignIn","elapsed":64.1535000000149,"payload":{"id":"test"}}
{"level":30,"time":"2022-06-30T21:30:23.580Z","pid":3236,"hostname":"e60850ec289d","status":"Running","kind":"SignIn"}
{"level":30,"time":"2022-06-30T21:30:23.654Z","pid":3236,"hostname":"e60850ec289d","kind":"SignIn","user":{"id":"AAA110800","name":"yao","groupId":"1490","post":"1490","admin":false}}
{"level":30,"time":"2022-06-30T21:30:23.654Z","pid":3236,"hostname":"e60850ec289d","status":"Done","kind":"SignIn","elapsed":73.17612500023097,"payload":{"id":"test"}}
{"level":30,"time":"2022-06-30T21:33:58.778Z","pid":3788,"hostname":"e60850ec289d","status":"Running","kind":"SignIn"}
{"level":30,"time":"2022-06-30T21:33:58.836Z","pid":3788,"hostname":"e60850ec289d","kind":"SignIn","user":{"id":"AAA110800","name":"yao","groupId":"1490","post":"1490","admin":false}}
{"level":30,"time":"2022-06-30T21:33:58.837Z","pid":3788,"hostname":"e60850ec289d","status":"Done","kind":"SignIn","elapsed":57.89837499987334,"payload":{"id":"test"}}
{"level":30,"time":"2022-06-30T21:34:33.826Z","pid":3788,"hostname":"e60850ec289d","status":"Running","kind":"SignIn"}
{"level":30,"time":"2022-06-30T21:34:33.833Z","pid":3788,"hostname":"e60850ec289d","kind":"SignIn","user":{"id":"AAA110800","name":"yao","groupId":"1490","post":"1490","admin":false}}
{"level":30,"time":"2022-06-30T21:34:33.833Z","pid":3788,"hostname":"e60850ec289d","status":"Done","kind":"SignIn","elapsed":6.7696249997243285,"payload":{"id":"test"}}
{"level":30,"time":"2022-06-30T21:36:27.040Z","pid":59,"hostname":"5fbf684d40e4","status":"Running","kind":"SignIn"}
{"level":30,"time":"2022-06-30T21:36:27.086Z","pid":59,"hostname":"5fbf684d40e4","kind":"SignIn","user":{"id":"AAA111633","name":"higuchi","groupId":"1490","post":"1490","admin":true}}
{"level":30,"time":"2022-06-30T21:36:27.086Z","pid":59,"hostname":"5fbf684d40e4","status":"Done","kind":"SignIn","elapsed":45.86437499988824,"payload":{"id":"admin"}}
{"level":30,"time":"2022-06-30T21:36:58.099Z","pid":59,"hostname":"5fbf684d40e4","status":"Running","kind":"SignIn"}
{"level":30,"time":"2022-06-30T21:36:58.104Z","pid":59,"hostname":"5fbf684d40e4","kind":"SignIn","user":{"id":"AAA110800","name":"yao","groupId":"1490","post":"1490","admin":false}}
{"level":30,"time":"2022-06-30T21:36:58.104Z","pid":59,"hostname":"5fbf684d40e4","status":"Done","kind":"SignIn","elapsed":4.126416999846697,"payload":{"id":"test"}}
{"level":30,"time":"2022-06-30T21:41:00.136Z","pid":60,"hostname":"5fbf684d40e4","status":"Running","kind":"SignIn"}
{"level":30,"time":"2022-06-30T21:41:00.178Z","pid":60,"hostname":"5fbf684d40e4","kind":"SignIn","user":{"id":"AAA110800","name":"yao","groupId":"1490","post":"1490","admin":false}}
{"level":30,"time":"2022-06-30T21:41:00.178Z","pid":60,"hostname":"5fbf684d40e4","status":"Done","kind":"SignIn","elapsed":41.98095900006592,"payload":{"id":"test"}}
{"level":30,"time":"2022-06-30T21:43:19.157Z","pid":60,"hostname":"5fbf684d40e4","status":"Running","kind":"SignIn"}
{"level":30,"time":"2022-06-30T21:43:19.230Z","pid":60,"hostname":"5fbf684d40e4","kind":"SignIn","user":{"id":"AAA110800","name":"yao","groupId":"1490","post":"1490","admin":false}}
{"level":30,"time":"2022-06-30T21:43:19.230Z","pid":60,"hostname":"5fbf684d40e4","status":"Done","kind":"SignIn","elapsed":72.2817919999361,"payload":{"id":"test"}}
{"level":30,"time":"2022-06-30T21:43:48.717Z","pid":60,"hostname":"5fbf684d40e4","status":"Running","kind":"SignIn"}
{"level":30,"time":"2022-06-30T21:43:48.725Z","pid":60,"hostname":"5fbf684d40e4","kind":"SignIn","user":{"id":"AAA111633","name":"higuchi","groupId":"1490","post":"1490","admin":true}}
{"level":30,"time":"2022-06-30T21:43:48.725Z","pid":60,"hostname":"5fbf684d40e4","status":"Done","kind":"SignIn","elapsed":7.650167000479996,"payload":{"id":"admin"}}
{"level":30,"time":"2022-06-30T21:44:14.929Z","pid":60,"hostname":"5fbf684d40e4","status":"Running","kind":"SignIn"}
{"level":30,"time":"2022-06-30T21:44:14.934Z","pid":60,"hostname":"5fbf684d40e4","kind":"SignIn","user":{"id":"AAA110800","name":"yao","groupId":"1490","post":"1490","admin":false}}
{"level":30,"time":"2022-06-30T21:44:14.935Z","pid":60,"hostname":"5fbf684d40e4","status":"Done","kind":"SignIn","elapsed":4.932666999287903,"payload":{"id":"test"}}
{"level":30,"time":"2022-07-01T06:35:54.635Z","pid":59,"hostname":"0a91ebe8ecdf","status":"Running","kind":"SignIn"}
{"level":30,"time":"2022-07-01T06:35:54.747Z","pid":59,"hostname":"0a91ebe8ecdf","kind":"SignIn","user":{"id":"AAA111633","name":"higuchi","groupId":"1490","post":"1490","admin":true}}
{"level":30,"time":"2022-07-01T06:35:54.748Z","pid":59,"hostname":"0a91ebe8ecdf","status":"Done","kind":"SignIn","elapsed":111.39574813842773,"payload":{"id":"admin"}}
{"level":30,"time":"2022-07-01T06:36:15.655Z","pid":59,"hostname":"0a91ebe8ecdf","status":"Running","kind":"SignIn"}
{"level":30,"time":"2022-07-01T06:36:15.663Z","pid":59,"hostname":"0a91ebe8ecdf","kind":"SignIn","user":{"id":"AAA110800","name":"yao","groupId":"1490","post":"1490","admin":false}}
{"level":30,"time":"2022-07-01T06:36:15.663Z","pid":59,"hostname":"0a91ebe8ecdf","status":"Done","kind":"SignIn","elapsed":7.8694257736206055,"payload":{"id":"test"}}
{"level":30,"time":"2022-07-01T06:36:34.672Z","pid":59,"hostname":"0a91ebe8ecdf","status":"Running","kind":"SignIn"}
{"level":50,"time":"2022-07-01T06:36:34.678Z","pid":59,"hostname":"0a91ebe8ecdf","status":"Failed","kind":"SignIn","reason":"Error: InvalidNameOrPassword","elapsed":0.2489156723022461,"payload":{"id":"admin"},"stack":"Error: InvalidNameOrPassword\n    at Object.find (/app/server/store/user.ts:43:12)\n    at Object.run (/app/core/auth.ts:64:41)\n    at Object.runner (/app/core/runner.ts:14:29)\n    at Object.<anonymous> (/app/server/route/auth.ts:23:31)\n    at preHandlerCallback (/app/node_modules/fastify/lib/handleRequest.js:126:28)\n    at preValidationCallback (/app/node_modules/fastify/lib/handleRequest.js:109:5)\n    at handler (/app/node_modules/fastify/lib/handleRequest.js:72:7)\n    at /app/node_modules/fastify/lib/contentTypeParser.js:174:9\n    at AsyncResource.runInAsyncScope (node:async_hooks:202:9)\n    at done (/app/node_modules/fastify/lib/contentTypeParser.js:169:14)"}
{"level":30,"time":"2022-07-01T06:36:39.749Z","pid":59,"hostname":"0a91ebe8ecdf","status":"Running","kind":"SignIn"}
{"level":30,"time":"2022-07-01T06:36:39.753Z","pid":59,"hostname":"0a91ebe8ecdf","kind":"SignIn","user":{"id":"AAA111633","name":"higuchi","groupId":"1490","post":"1490","admin":true}}
{"level":30,"time":"2022-07-01T06:36:39.753Z","pid":59,"hostname":"0a91ebe8ecdf","status":"Done","kind":"SignIn","elapsed":3.874741554260254,"payload":{"id":"admin"}}
{"level":30,"time":"2022-07-01T06:37:08.800Z","pid":59,"hostname":"0a91ebe8ecdf","status":"Running","kind":"SignIn"}
{"level":30,"time":"2022-07-01T06:37:08.803Z","pid":59,"hostname":"0a91ebe8ecdf","kind":"SignIn","user":{"id":"AAA110800","name":"yao","groupId":"1490","post":"1490","admin":false}}
{"level":30,"time":"2022-07-01T06:37:08.803Z","pid":59,"hostname":"0a91ebe8ecdf","status":"Done","kind":"SignIn","elapsed":3.061285972595215,"payload":{"id":"test"}}
